
*** Running vivado
    with args -log clk_wiz_0.vds -m64 -product Vivado -mode batch -messageDb vivado.pb -notrace -source clk_wiz_0.tcl



****** Vivado v2024.1.2 (64-bit)
  **** SW Build 5164865 on Thu Sep  5 14:37:11 MDT 2024
  **** IP Build 5164407 on Fri Sep  6 08:18:11 MDT 2024
  **** SharedData Build 5164864 on Thu Sep 05 13:09:09 MDT 2024
  **** Start of session at: Sun May  4 18:14:41 2025
    ** Copyright 1986-2022 Xilinx, Inc. All Rights Reserved.
    ** Copyright 2022-2024 Advanced Micro Devices, Inc. All Rights Reserved.

source clk_wiz_0.tcl -notrace
create_project: Time (s): cpu = 00:00:06 ; elapsed = 00:00:09 . Memory (MB): peak = 541.000 ; gain = 145.324
INFO: [IP_Flow 19-6924] IPCACHE: Running cache check for IP inst: clk_wiz_0
INFO: [IP_Flow 19-6922] IPCACHE: Exporting cached entry 25e3d06938d53ac6 to dir: D:/Xilinx/Projects/8080LCD/8080LCD.runs/clk_wiz_0_synth_1
INFO: [IP_Flow 19-6928] IPCACHE: copied cached file d:/Xilinx/Projects/8080LCD/8080LCD.cache/ip/2024.1.2/2/5/25e3d06938d53ac6/clk_wiz_0.dcp to D:/Xilinx/Projects/8080LCD/8080LCD.runs/clk_wiz_0_synth_1/clk_wiz_0.dcp.
INFO: [IP_Flow 19-6928] IPCACHE: copied cached file d:/Xilinx/Projects/8080LCD/8080LCD.cache/ip/2024.1.2/2/5/25e3d06938d53ac6/clk_wiz_0_sim_netlist.v to D:/Xilinx/Projects/8080LCD/8080LCD.runs/clk_wiz_0_synth_1/clk_wiz_0_sim_netlist.v.
INFO: [IP_Flow 19-6928] IPCACHE: copied cached file d:/Xilinx/Projects/8080LCD/8080LCD.cache/ip/2024.1.2/2/5/25e3d06938d53ac6/clk_wiz_0_sim_netlist.vhdl to D:/Xilinx/Projects/8080LCD/8080LCD.runs/clk_wiz_0_synth_1/clk_wiz_0_sim_netlist.vhdl.
INFO: [IP_Flow 19-6928] IPCACHE: copied cached file d:/Xilinx/Projects/8080LCD/8080LCD.cache/ip/2024.1.2/2/5/25e3d06938d53ac6/clk_wiz_0_stub.v to D:/Xilinx/Projects/8080LCD/8080LCD.runs/clk_wiz_0_synth_1/clk_wiz_0_stub.v.
INFO: [IP_Flow 19-6928] IPCACHE: copied cached file d:/Xilinx/Projects/8080LCD/8080LCD.cache/ip/2024.1.2/2/5/25e3d06938d53ac6/clk_wiz_0_stub.vhdl to D:/Xilinx/Projects/8080LCD/8080LCD.runs/clk_wiz_0_synth_1/clk_wiz_0_stub.vhdl.
INFO: [IP_Flow 19-4838] Using cached IP synthesis design for IP clk_wiz_0, cache-ID = 25e3d06938d53ac6.
INFO: [Common 17-206] Exiting Vivado at Sun May  4 18:14:59 2025...
